-------------------------------------------------------------------------------
Test set: Login Data Driven
-------------------------------------------------------------------------------
Tests run: 2, Failures: 1, Errors: 0, Skipped: 0, Time elapsed: 109.378 s <<< FAILURE! - in Login Data Driven
Login Data Driven.Login Data Driven #1  Time elapsed: 26.566 s  <<< FAILURE!
java.lang.AssertionError
	at org.junit.Assert.fail(Assert.java:87)
	at org.junit.Assert.assertTrue(Assert.java:42)
	at org.junit.Assert.assertTrue(Assert.java:53)
	at stepDefinitions.steps.user_navigates_to_my_account_page(steps.java:133)
	at âœ½.User navigates to MyAccount Page(file:///C:/workspaces/16-June-2023batch/opencart_sept2023_cucumber/./Features/LoginDDT.feature:11)

